<?xml version="1.0" encoding="UTF-8"?>
<!-- Generated by org.testng.reporters.JUnitReportReporter -->
<testsuite hostname="CAI1-L12812" failures="0" tests="2" name="com.google.TestNGDemo" time="0.016" errors="0" timestamp="2021-04-21T22:47:16 GMT+02:00" skipped="0">
  <testcase classname="com.google.TestNGDemo" name="UserLogin" time="0.011"/>
  <system-out/>
  <testcase classname="com.google.TestNGDemo" name="UserCanBuy" time="0.005"/>
  <system-out/>
</testsuite> <!-- com.google.TestNGDemo -->
